2019-01-08 22:26:56,415 INFO org.springframework.boot.StartupInfoLogger [restartedMain] Starting SpringBootRestApplication on DESKTOP-E74JNI2 with PID 23876 (C:\Priya\Projects\SpringSuiteProject\FromGithub\SpringBootRestNew\target\classes started by Acer in C:\Priya\Projects\SpringSuiteProject\FromGithub\SpringBootRestNew)
2019-01-08 22:26:56,417 DEBUG org.springframework.boot.StartupInfoLogger [restartedMain] Running with Spring Boot v2.1.1.RELEASE, Spring v5.1.3.RELEASE
2019-01-08 22:26:56,417 INFO org.springframework.boot.SpringApplication [restartedMain] No active profile set, falling back to default profiles: default
2019-01-08 22:26:57,099 INFO org.springframework.data.repository.config.RepositoryConfigurationDelegate [restartedMain] Bootstrapping Spring Data repositories in DEFAULT mode.
2019-01-08 22:26:57,115 INFO org.springframework.data.repository.config.RepositoryConfigurationDelegate [restartedMain] Finished Spring Data repository scanning in 15ms. Found 1 repository interfaces.
2019-01-08 22:26:57,197 INFO org.springframework.context.support.PostProcessorRegistrationDelegate$BeanPostProcessorChecker [restartedMain] Bean 'org.springframework.transaction.annotation.ProxyTransactionManagementConfiguration' of type [org.springframework.transaction.annotation.ProxyTransactionManagementConfiguration$$EnhancerBySpringCGLIB$$aa0c827f] is not eligible for getting processed by all BeanPostProcessors (for example: not eligible for auto-proxying)
2019-01-08 22:26:57,351 INFO org.springframework.boot.web.embedded.tomcat.TomcatWebServer [restartedMain] Tomcat initialized with port(s): 8080 (http)
2019-01-08 22:26:57,352 INFO org.apache.juli.logging.DirectJDKLog [restartedMain] Starting service [Tomcat]
2019-01-08 22:26:57,353 INFO org.apache.juli.logging.DirectJDKLog [restartedMain] Starting Servlet Engine: Apache Tomcat/9.0.13
2019-01-08 22:26:57,437 INFO org.apache.juli.logging.DirectJDKLog [restartedMain] Initializing Spring embedded WebApplicationContext
2019-01-08 22:26:57,437 INFO org.springframework.boot.web.servlet.context.ServletWebServerApplicationContext [restartedMain] Root WebApplicationContext: initialization completed in 977 ms
2019-01-08 22:26:57,705 INFO com.zaxxer.hikari.HikariDataSource [restartedMain] HikariPool-4 - Starting...
2019-01-08 22:26:58,373 INFO com.zaxxer.hikari.HikariDataSource [restartedMain] HikariPool-4 - Start completed.
2019-01-08 22:26:58,398 INFO org.hibernate.jpa.internal.util.LogHelper [restartedMain] HHH000204: Processing PersistenceUnitInfo [
	name: default
	...]
2019-01-08 22:26:58,423 INFO org.hibernate.dialect.Dialect [restartedMain] HHH000400: Using dialect: org.hibernate.dialect.MySQL5Dialect
2019-01-08 22:26:58,802 INFO org.springframework.orm.jpa.AbstractEntityManagerFactoryBean [restartedMain] Initialized JPA EntityManagerFactory for persistence unit 'default'
2019-01-08 22:26:58,844 INFO org.springframework.boot.devtools.autoconfigure.OptionalLiveReloadServer [restartedMain] LiveReload server is running on port 35729
2019-01-08 22:26:59,047 WARN org.springframework.boot.autoconfigure.orm.jpa.JpaBaseConfiguration$JpaWebConfiguration$JpaWebMvcConfiguration [restartedMain] spring.jpa.open-in-view is enabled by default. Therefore, database queries may be performed during view rendering. Explicitly configure spring.jpa.open-in-view to disable this warning
2019-01-08 22:26:59,120 INFO org.springframework.boot.actuate.endpoint.web.EndpointLinksResolver [restartedMain] Exposing 2 endpoint(s) beneath base path '/actuator'
2019-01-08 22:26:59,180 WARN org.springframework.security.core.userdetails.User [restartedMain] User.withDefaultPasswordEncoder() is considered unsafe for production and is only intended for sample applications.
2019-01-08 22:26:59,294 INFO org.springframework.security.web.DefaultSecurityFilterChain [restartedMain] Creating filter chain: any request, [org.springframework.security.web.context.request.async.WebAsyncManagerIntegrationFilter@2daf7c31, org.springframework.security.web.context.SecurityContextPersistenceFilter@7a743b9e, org.springframework.security.web.header.HeaderWriterFilter@37b91b54, org.springframework.security.web.csrf.CsrfFilter@7634edd4, org.springframework.security.web.authentication.logout.LogoutFilter@2b03e882, org.springframework.security.web.authentication.UsernamePasswordAuthenticationFilter@aa5b692, org.springframework.security.web.savedrequest.RequestCacheAwareFilter@6f9e21f, org.springframework.security.web.servletapi.SecurityContextHolderAwareRequestFilter@79653a2f, org.springframework.security.web.authentication.AnonymousAuthenticationFilter@f4dd810, org.springframework.security.web.session.SessionManagementFilter@2bff3978, org.springframework.security.web.access.ExceptionTranslationFilter@fce67e8, org.springframework.security.web.access.intercept.FilterSecurityInterceptor@54b11aa9]
2019-01-08 22:26:59,307 INFO springfox.documentation.spring.web.PropertySourcedRequestMappingHandlerMapping [restartedMain] Mapped URL path [/v2/api-docs] onto method [public org.springframework.http.ResponseEntity<springfox.documentation.spring.web.json.Json> springfox.documentation.swagger2.web.Swagger2Controller.getDocumentation(java.lang.String,javax.servlet.http.HttpServletRequest)]
2019-01-08 22:26:59,392 INFO org.springframework.scheduling.concurrent.ExecutorConfigurationSupport [restartedMain] Initializing ExecutorService 'applicationTaskExecutor'
2019-01-08 22:26:59,460 INFO org.springframework.boot.autoconfigure.web.servlet.WelcomePageHandlerMapping [restartedMain] Adding welcome page: class path resource [static/index.html]
2019-01-08 22:26:59,538 INFO org.springframework.scheduling.concurrent.ExecutorConfigurationSupport [restartedMain] Initializing ExecutorService 'taskScheduler'
2019-01-08 22:26:59,580 INFO springfox.documentation.spring.web.plugins.DocumentationPluginsBootstrapper [restartedMain] Context refreshed
2019-01-08 22:26:59,581 INFO springfox.documentation.spring.web.plugins.DocumentationPluginsBootstrapper [restartedMain] Found 1 custom documentation plugin(s)
2019-01-08 22:26:59,589 INFO springfox.documentation.spring.web.scanners.ApiListingReferenceScanner [restartedMain] Scanning for api listing references
2019-01-08 22:26:59,646 INFO springfox.documentation.spring.web.readers.operation.CachingOperationNameGenerator [restartedMain] Generating unique operation named: handleUsingGET_1
2019-01-08 22:26:59,647 INFO springfox.documentation.spring.web.readers.operation.CachingOperationNameGenerator [restartedMain] Generating unique operation named: handleUsingGET_2
2019-01-08 22:26:59,648 INFO springfox.documentation.spring.web.readers.operation.CachingOperationNameGenerator [restartedMain] Generating unique operation named: handleUsingGET_3
2019-01-08 22:26:59,664 INFO org.springframework.boot.web.embedded.tomcat.TomcatWebServer [restartedMain] Tomcat started on port(s): 8080 (http) with context path '/SpringBootRest'
2019-01-08 22:26:59,664 INFO org.springframework.boot.StartupInfoLogger [restartedMain] Started SpringBootRestApplication in 3.682 seconds (JVM running for 355.458)
2019-01-08 22:26:59,670 INFO org.springframework.boot.devtools.autoconfigure.ConditionEvaluationDeltaLoggingListener [restartedMain] Condition evaluation unchanged
2019-01-08 22:28:46,117 INFO org.apache.juli.logging.DirectJDKLog [http-nio-8080-exec-1] Initializing Spring DispatcherServlet 'dispatcherServlet'
2019-01-08 22:28:46,119 INFO org.springframework.web.servlet.FrameworkServlet [http-nio-8080-exec-1] Initializing Servlet 'dispatcherServlet'
2019-01-08 22:28:46,133 INFO org.springframework.web.servlet.FrameworkServlet [http-nio-8080-exec-1] Completed initialization in 13 ms
2019-01-08 22:28:46,142 DEBUG com.priya.controllers.CountryController [http-nio-8080-exec-1] getCountries DEBUG Message
2019-01-08 22:28:46,142 INFO com.priya.controllers.CountryController [http-nio-8080-exec-1] getCountries INFO Message
2019-01-08 22:28:46,143 WARN com.priya.controllers.CountryController [http-nio-8080-exec-1] getCountries WARN Message
2019-01-08 22:28:46,144 ERROR com.priya.controllers.CountryController [http-nio-8080-exec-1] getCountries ERROR Message
2019-01-08 22:28:46,635 INFO com.priya.controllers.CountryController [http-nio-8080-exec-1] Countries are coming
2019-01-08 22:29:52,068 INFO org.springframework.scheduling.concurrent.ExecutorConfigurationSupport [Thread-28] Shutting down ExecutorService 'taskScheduler'
2019-01-08 22:29:52,071 INFO org.springframework.scheduling.concurrent.ExecutorConfigurationSupport [Thread-28] Shutting down ExecutorService 'applicationTaskExecutor'
2019-01-08 22:29:52,075 INFO org.springframework.orm.jpa.AbstractEntityManagerFactoryBean [Thread-28] Closing JPA EntityManagerFactory for persistence unit 'default'
2019-01-08 22:29:52,077 INFO com.zaxxer.hikari.HikariDataSource [Thread-28] HikariPool-4 - Shutdown initiated...
2019-01-08 22:29:52,093 INFO com.zaxxer.hikari.HikariDataSource [Thread-28] HikariPool-4 - Shutdown completed.
2019-01-08 22:29:52,557 INFO org.springframework.boot.StartupInfoLogger [restartedMain] Starting SpringBootRestApplication on DESKTOP-E74JNI2 with PID 23876 (C:\Priya\Projects\SpringSuiteProject\FromGithub\SpringBootRestNew\target\classes started by Acer in C:\Priya\Projects\SpringSuiteProject\FromGithub\SpringBootRestNew)
2019-01-08 22:29:52,559 DEBUG org.springframework.boot.StartupInfoLogger [restartedMain] Running with Spring Boot v2.1.1.RELEASE, Spring v5.1.3.RELEASE
2019-01-08 22:29:52,559 INFO org.springframework.boot.SpringApplication [restartedMain] No active profile set, falling back to default profiles: default
2019-01-08 22:29:53,139 INFO org.springframework.data.repository.config.RepositoryConfigurationDelegate [restartedMain] Bootstrapping Spring Data repositories in DEFAULT mode.
2019-01-08 22:29:53,157 INFO org.springframework.data.repository.config.RepositoryConfigurationDelegate [restartedMain] Finished Spring Data repository scanning in 17ms. Found 1 repository interfaces.
2019-01-08 22:29:53,260 INFO org.springframework.context.support.PostProcessorRegistrationDelegate$BeanPostProcessorChecker [restartedMain] Bean 'org.springframework.transaction.annotation.ProxyTransactionManagementConfiguration' of type [org.springframework.transaction.annotation.ProxyTransactionManagementConfiguration$$EnhancerBySpringCGLIB$$aa0c827f] is not eligible for getting processed by all BeanPostProcessors (for example: not eligible for auto-proxying)
2019-01-08 22:29:53,429 INFO org.springframework.boot.web.embedded.tomcat.TomcatWebServer [restartedMain] Tomcat initialized with port(s): 8080 (http)
2019-01-08 22:29:53,430 INFO org.apache.juli.logging.DirectJDKLog [restartedMain] Starting service [Tomcat]
2019-01-08 22:29:53,430 INFO org.apache.juli.logging.DirectJDKLog [restartedMain] Starting Servlet Engine: Apache Tomcat/9.0.13
2019-01-08 22:29:53,447 INFO org.apache.juli.logging.DirectJDKLog [restartedMain] Initializing Spring embedded WebApplicationContext
2019-01-08 22:29:53,448 INFO org.springframework.boot.web.servlet.context.ServletWebServerApplicationContext [restartedMain] Root WebApplicationContext: initialization completed in 888 ms
2019-01-08 22:29:53,726 INFO com.zaxxer.hikari.HikariDataSource [restartedMain] HikariPool-5 - Starting...
2019-01-08 22:29:54,471 INFO com.zaxxer.hikari.HikariDataSource [restartedMain] HikariPool-5 - Start completed.
2019-01-08 22:29:54,500 INFO org.hibernate.jpa.internal.util.LogHelper [restartedMain] HHH000204: Processing PersistenceUnitInfo [
	name: default
	...]
2019-01-08 22:29:54,535 INFO org.hibernate.dialect.Dialect [restartedMain] HHH000400: Using dialect: org.hibernate.dialect.MySQL5Dialect
2019-01-08 22:29:55,210 INFO org.springframework.orm.jpa.AbstractEntityManagerFactoryBean [restartedMain] Initialized JPA EntityManagerFactory for persistence unit 'default'
2019-01-08 22:29:55,232 INFO org.springframework.boot.devtools.autoconfigure.OptionalLiveReloadServer [restartedMain] LiveReload server is running on port 35729
2019-01-08 22:29:55,411 WARN org.springframework.boot.autoconfigure.orm.jpa.JpaBaseConfiguration$JpaWebConfiguration$JpaWebMvcConfiguration [restartedMain] spring.jpa.open-in-view is enabled by default. Therefore, database queries may be performed during view rendering. Explicitly configure spring.jpa.open-in-view to disable this warning
2019-01-08 22:29:55,482 INFO org.springframework.boot.actuate.endpoint.web.EndpointLinksResolver [restartedMain] Exposing 2 endpoint(s) beneath base path '/actuator'
2019-01-08 22:29:55,542 WARN org.springframework.security.core.userdetails.User [restartedMain] User.withDefaultPasswordEncoder() is considered unsafe for production and is only intended for sample applications.
2019-01-08 22:29:55,688 INFO org.springframework.security.web.DefaultSecurityFilterChain [restartedMain] Creating filter chain: any request, [org.springframework.security.web.context.request.async.WebAsyncManagerIntegrationFilter@7e2879ee, org.springframework.security.web.context.SecurityContextPersistenceFilter@5ada0c76, org.springframework.security.web.header.HeaderWriterFilter@8412d83, org.springframework.security.web.csrf.CsrfFilter@24629313, org.springframework.security.web.authentication.logout.LogoutFilter@4e01e3be, org.springframework.security.web.authentication.UsernamePasswordAuthenticationFilter@21dc8e17, org.springframework.security.web.savedrequest.RequestCacheAwareFilter@2251ea11, org.springframework.security.web.servletapi.SecurityContextHolderAwareRequestFilter@23fdf6ed, org.springframework.security.web.authentication.AnonymousAuthenticationFilter@59a2a161, org.springframework.security.web.session.SessionManagementFilter@6a90f03c, org.springframework.security.web.access.ExceptionTranslationFilter@48861eb2, org.springframework.security.web.access.intercept.FilterSecurityInterceptor@738537f7]
2019-01-08 22:29:55,701 INFO springfox.documentation.spring.web.PropertySourcedRequestMappingHandlerMapping [restartedMain] Mapped URL path [/v2/api-docs] onto method [public org.springframework.http.ResponseEntity<springfox.documentation.spring.web.json.Json> springfox.documentation.swagger2.web.Swagger2Controller.getDocumentation(java.lang.String,javax.servlet.http.HttpServletRequest)]
2019-01-08 22:29:55,765 INFO org.springframework.scheduling.concurrent.ExecutorConfigurationSupport [restartedMain] Initializing ExecutorService 'applicationTaskExecutor'
2019-01-08 22:29:55,809 INFO org.springframework.boot.autoconfigure.web.servlet.WelcomePageHandlerMapping [restartedMain] Adding welcome page: class path resource [static/index.html]
2019-01-08 22:29:55,874 INFO org.springframework.scheduling.concurrent.ExecutorConfigurationSupport [restartedMain] Initializing ExecutorService 'taskScheduler'
2019-01-08 22:29:55,912 INFO springfox.documentation.spring.web.plugins.DocumentationPluginsBootstrapper [restartedMain] Context refreshed
2019-01-08 22:29:55,914 INFO springfox.documentation.spring.web.plugins.DocumentationPluginsBootstrapper [restartedMain] Found 1 custom documentation plugin(s)
2019-01-08 22:29:55,920 INFO springfox.documentation.spring.web.scanners.ApiListingReferenceScanner [restartedMain] Scanning for api listing references
2019-01-08 22:29:55,963 INFO springfox.documentation.spring.web.readers.operation.CachingOperationNameGenerator [restartedMain] Generating unique operation named: handleUsingGET_1
2019-01-08 22:29:55,964 INFO springfox.documentation.spring.web.readers.operation.CachingOperationNameGenerator [restartedMain] Generating unique operation named: handleUsingGET_2
2019-01-08 22:29:55,966 INFO springfox.documentation.spring.web.readers.operation.CachingOperationNameGenerator [restartedMain] Generating unique operation named: handleUsingGET_3
2019-01-08 22:29:55,982 INFO org.springframework.boot.web.embedded.tomcat.TomcatWebServer [restartedMain] Tomcat started on port(s): 8080 (http) with context path '/SpringBootRest'
2019-01-08 22:29:55,982 INFO org.springframework.boot.StartupInfoLogger [restartedMain] Started SpringBootRestApplication in 3.498 seconds (JVM running for 531.775)
2019-01-08 22:29:55,987 INFO org.springframework.boot.devtools.autoconfigure.ConditionEvaluationDeltaLoggingListener [restartedMain] Condition evaluation unchanged
